========================================================================
make-awesome.sh --debug Session - 2026-01-25 15:34:12
Session ID: 20260125_153412
========================================================================

[15:34:12] Scanning for Python files in current directory...
[15:34:12] Found 4 Python file(s): on-add_priority.py on-exit_priority.py on-modify_priority.py nn
[15:34:12] Processing: on-add_priority.py
[15:34:12]   Generating debug version...
[make] Creating debug version: debug.on-add_priority.py
DEBUG: Parsed 327 lines
DEBUG: Shebang: yes
DEBUG: Docstring: 7 lines
DEBUG: Imports: 7 lines
DEBUG: Rest: 310 lines
[make] ✓ Created: debug.on-add_priority.py
[15:34:12] Processing: on-exit_priority.py
[15:34:12]   Generating debug version...
[make] Creating debug version: debug.on-exit_priority.py
DEBUG: Parsed 218 lines
DEBUG: Shebang: yes
DEBUG: Docstring: 9 lines
DEBUG: Imports: 6 lines
DEBUG: Rest: 200 lines
[make] ✓ Created: debug.on-exit_priority.py
[15:34:12] Processing: on-modify_priority.py
[15:34:12]   Generating debug version...
[make] Creating debug version: debug.on-modify_priority.py
DEBUG: Parsed 356 lines
DEBUG: Shebang: yes
DEBUG: Docstring: 7 lines
DEBUG: Imports: 6 lines
DEBUG: Rest: 340 lines
[make] ✓ Created: debug.on-modify_priority.py
[15:34:12] Processing: nn
[15:34:12]   Generating debug version...
[make] Creating debug version: debug.nn
DEBUG: Parsed 624 lines
DEBUG: Shebang: yes
DEBUG: Docstring: 20 lines
DEBUG: Imports: 6 lines
DEBUG: Rest: 595 lines
[make] ✓ Created: debug.nn

========================================================================
Session completed: 2026-01-25 15:34:12
========================================================================
