========================================================================
make-awesome.sh --debug Session - 2026-01-25 14:07:29
Session ID: 20260125_140729
========================================================================

[14:07:29] Scanning for Python files in current directory...
[14:07:29] Found 4 Python file(s): on-add_priority.py on-exit_priority.py on-modify_priority.py nn
[14:07:29] Processing: on-add_priority.py
[14:07:29]   Generating debug version...
[make] Creating debug version: debug.on-add_priority.py
DEBUG: Parsed 253 lines
DEBUG: Shebang: yes
DEBUG: Docstring: 7 lines
DEBUG: Imports: 6 lines
DEBUG: Rest: 238 lines
[make] ✓ Created: debug.on-add_priority.py
[14:07:29] Processing: on-exit_priority.py
[14:07:29]   Generating debug version...
[make] Creating debug version: debug.on-exit_priority.py
DEBUG: Parsed 144 lines
DEBUG: Shebang: yes
DEBUG: Docstring: 9 lines
DEBUG: Imports: 5 lines
DEBUG: Rest: 128 lines
[make] ✓ Created: debug.on-exit_priority.py
[14:07:29] Processing: on-modify_priority.py
[14:07:29]   Generating debug version...
[make] Creating debug version: debug.on-modify_priority.py
DEBUG: Parsed 282 lines
DEBUG: Shebang: yes
DEBUG: Docstring: 7 lines
DEBUG: Imports: 5 lines
DEBUG: Rest: 268 lines
[make] ✓ Created: debug.on-modify_priority.py
[14:07:29] Processing: nn
[14:07:29]   Generating debug version...
[make] Creating debug version: debug.nn
DEBUG: Parsed 552 lines
DEBUG: Shebang: yes
DEBUG: Docstring: 20 lines
DEBUG: Imports: 6 lines
DEBUG: Rest: 523 lines
[make] ✓ Created: debug.nn

========================================================================
Session completed: 2026-01-25 14:07:29
========================================================================
