========================================================================
make-awesome.sh --debug Session - 2026-01-25 13:37:25
Session ID: 20260125_133725
========================================================================

[13:37:25] Scanning for Python files in current directory...
[13:37:25] Found 4 Python file(s): on-add_priority.py on-exit_priority.py on-modify_priority.py nn
[13:37:25] Processing: on-add_priority.py
[13:37:25]   Generating debug version...
[make] Creating debug version: debug.on-add_priority.py
DEBUG: Parsed 327 lines
DEBUG: Shebang: yes
DEBUG: Docstring: 7 lines
DEBUG: Imports: 7 lines
DEBUG: Rest: 310 lines
[make] ✓ Created: debug.on-add_priority.py
[13:37:25] Processing: on-exit_priority.py
[13:37:25]   Generating debug version...
[make] Creating debug version: debug.on-exit_priority.py
DEBUG: Parsed 218 lines
DEBUG: Shebang: yes
DEBUG: Docstring: 9 lines
DEBUG: Imports: 6 lines
DEBUG: Rest: 200 lines
[make] ✓ Created: debug.on-exit_priority.py
[13:37:25] Processing: on-modify_priority.py
[13:37:25]   Generating debug version...
[make] Creating debug version: debug.on-modify_priority.py
DEBUG: Parsed 356 lines
DEBUG: Shebang: yes
DEBUG: Docstring: 7 lines
DEBUG: Imports: 6 lines
DEBUG: Rest: 340 lines
[make] ✓ Created: debug.on-modify_priority.py
[13:37:25] Processing: nn
[13:37:25]   Generating debug version...
[make] Creating debug version: debug.nn
DEBUG: Parsed 477 lines
DEBUG: Shebang: yes
DEBUG: Docstring: 20 lines
DEBUG: Imports: 4 lines
DEBUG: Rest: 451 lines
[make] ✓ Created: debug.nn

========================================================================
Session completed: 2026-01-25 13:37:25
========================================================================
